<?xml version="1.0" encoding="UTF-8"?>
<!-- Generated by org.testng.reporters.JUnitReportReporter -->
<testsuite hostname="LAPTOP-T1TB0DAC" failures="0" tests="2" name="Runners.TestNgTestRunner" time="0.096" errors="0" timestamp="28 Jun 2024 12:06:34 GMT" skipped="0">
  <testcase classname="Runners.TestNgTestRunner" name="runScenario" time="0.011"/>
  <testcase classname="Runners.TestNgTestRunner" name="runScenario" time="0.085"/>
</testsuite> <!-- Runners.TestNgTestRunner -->
