<?xml version="1.0" encoding="UTF-8"?>
<!-- Generated by org.testng.reporters.JUnitReportReporter -->
<testsuite hostname="LAPTOP-T1TB0DAC" failures="0" tests="2" name="Runners.TestNgTestRunner" time="8.375" errors="0" timestamp="28 Jun 2024 13:08:39 GMT" skipped="0">
  <testcase classname="Runners.TestNgTestRunner" name="runScenario" time="3.418"/>
  <testcase classname="Runners.TestNgTestRunner" name="runScenario" time="4.957"/>
</testsuite> <!-- Runners.TestNgTestRunner -->
